C:\USERS\CRISTI\DOCUMENTS\VISUAL STUDIO 2010\PROJECTS\PROIECT_POO_TEMA_2_AGENDA_GUI_PATTERNS\DEBUG\PROIECT_POO_TEMA_2_AGENDA_GUI_PATTERNS.EXE
C:\USERS\CRISTI\DOCUMENTS\VISUAL STUDIO 2010\PROJECTS\PROIECT_POO_TEMA_2_AGENDA_GUI_PATTERNS\DEBUG\PROIECT_POO_TEMA_2_AGENDA_GUI_PATTERNS.ILK
C:\USERS\CRISTI\DOCUMENTS\VISUAL STUDIO 2010\PROJECTS\PROIECT_POO_TEMA_2_AGENDA_GUI_PATTERNS\DEBUG\PROIECT_POO_TEMA_2_AGENDA_GUI_PATTERNS.PDB
C:\USERS\CRISTI\DOCUMENTS\VISUAL STUDIO 2010\PROJECTS\PROIECT_POO_TEMA_2_AGENDA_GUI_PATTERNS\PROIECT_POO_TEMA_2_AGENDA_GUI_PATTERNS\DEBUG\ABOUTDIALOG.OBJ
C:\USERS\CRISTI\DOCUMENTS\VISUAL STUDIO 2010\PROJECTS\PROIECT_POO_TEMA_2_AGENDA_GUI_PATTERNS\PROIECT_POO_TEMA_2_AGENDA_GUI_PATTERNS\DEBUG\ADDNEWCONTACTDIALOG.OBJ
C:\USERS\CRISTI\DOCUMENTS\VISUAL STUDIO 2010\PROJECTS\PROIECT_POO_TEMA_2_AGENDA_GUI_PATTERNS\PROIECT_POO_TEMA_2_AGENDA_GUI_PATTERNS\DEBUG\AGENDADLG.OBJ
C:\Users\Cristi\documents\visual studio 2010\Projects\proiect_poo_tema_2_agenda_gui_patterns\proiect_poo_tema_2_agenda_gui_patterns\Debug\cl.command.1.tlog
C:\Users\Cristi\documents\visual studio 2010\Projects\proiect_poo_tema_2_agenda_gui_patterns\proiect_poo_tema_2_agenda_gui_patterns\Debug\CL.read.1.tlog
C:\Users\Cristi\documents\visual studio 2010\Projects\proiect_poo_tema_2_agenda_gui_patterns\proiect_poo_tema_2_agenda_gui_patterns\Debug\CL.write.1.tlog
C:\USERS\CRISTI\DOCUMENTS\VISUAL STUDIO 2010\PROJECTS\PROIECT_POO_TEMA_2_AGENDA_GUI_PATTERNS\PROIECT_POO_TEMA_2_AGENDA_GUI_PATTERNS\DEBUG\EDITCONTACTDIALOG.OBJ
C:\Users\Cristi\documents\visual studio 2010\Projects\proiect_poo_tema_2_agenda_gui_patterns\proiect_poo_tema_2_agenda_gui_patterns\Debug\link.1248.read.1.tlog
C:\Users\Cristi\documents\visual studio 2010\Projects\proiect_poo_tema_2_agenda_gui_patterns\proiect_poo_tema_2_agenda_gui_patterns\Debug\link.1248.write.1.tlog
C:\Users\Cristi\documents\visual studio 2010\Projects\proiect_poo_tema_2_agenda_gui_patterns\proiect_poo_tema_2_agenda_gui_patterns\Debug\link.1248-cvtres.read.1.tlog
C:\Users\Cristi\documents\visual studio 2010\Projects\proiect_poo_tema_2_agenda_gui_patterns\proiect_poo_tema_2_agenda_gui_patterns\Debug\link.1248-cvtres.write.1.tlog
C:\Users\Cristi\documents\visual studio 2010\Projects\proiect_poo_tema_2_agenda_gui_patterns\proiect_poo_tema_2_agenda_gui_patterns\Debug\link.2316.read.1.tlog
C:\Users\Cristi\documents\visual studio 2010\Projects\proiect_poo_tema_2_agenda_gui_patterns\proiect_poo_tema_2_agenda_gui_patterns\Debug\link.2316.write.1.tlog
C:\Users\Cristi\documents\visual studio 2010\Projects\proiect_poo_tema_2_agenda_gui_patterns\proiect_poo_tema_2_agenda_gui_patterns\Debug\link.2316-cvtres.read.1.tlog
C:\Users\Cristi\documents\visual studio 2010\Projects\proiect_poo_tema_2_agenda_gui_patterns\proiect_poo_tema_2_agenda_gui_patterns\Debug\link.2316-cvtres.write.1.tlog
C:\Users\Cristi\documents\visual studio 2010\Projects\proiect_poo_tema_2_agenda_gui_patterns\proiect_poo_tema_2_agenda_gui_patterns\Debug\link.2344.read.1.tlog
C:\Users\Cristi\documents\visual studio 2010\Projects\proiect_poo_tema_2_agenda_gui_patterns\proiect_poo_tema_2_agenda_gui_patterns\Debug\link.2344.write.1.tlog
C:\Users\Cristi\documents\visual studio 2010\Projects\proiect_poo_tema_2_agenda_gui_patterns\proiect_poo_tema_2_agenda_gui_patterns\Debug\link.2344-cvtres.read.1.tlog
C:\Users\Cristi\documents\visual studio 2010\Projects\proiect_poo_tema_2_agenda_gui_patterns\proiect_poo_tema_2_agenda_gui_patterns\Debug\link.2344-cvtres.write.1.tlog
C:\Users\Cristi\documents\visual studio 2010\Projects\proiect_poo_tema_2_agenda_gui_patterns\proiect_poo_tema_2_agenda_gui_patterns\Debug\link.2452.read.1.tlog
C:\Users\Cristi\documents\visual studio 2010\Projects\proiect_poo_tema_2_agenda_gui_patterns\proiect_poo_tema_2_agenda_gui_patterns\Debug\link.2452.write.1.tlog
C:\Users\Cristi\documents\visual studio 2010\Projects\proiect_poo_tema_2_agenda_gui_patterns\proiect_poo_tema_2_agenda_gui_patterns\Debug\link.2452-cvtres.read.1.tlog
C:\Users\Cristi\documents\visual studio 2010\Projects\proiect_poo_tema_2_agenda_gui_patterns\proiect_poo_tema_2_agenda_gui_patterns\Debug\link.2452-cvtres.write.1.tlog
C:\Users\Cristi\documents\visual studio 2010\Projects\proiect_poo_tema_2_agenda_gui_patterns\proiect_poo_tema_2_agenda_gui_patterns\Debug\link.3260.read.1.tlog
C:\Users\Cristi\documents\visual studio 2010\Projects\proiect_poo_tema_2_agenda_gui_patterns\proiect_poo_tema_2_agenda_gui_patterns\Debug\link.3260.write.1.tlog
C:\Users\Cristi\documents\visual studio 2010\Projects\proiect_poo_tema_2_agenda_gui_patterns\proiect_poo_tema_2_agenda_gui_patterns\Debug\link.3260-cvtres.read.1.tlog
C:\Users\Cristi\documents\visual studio 2010\Projects\proiect_poo_tema_2_agenda_gui_patterns\proiect_poo_tema_2_agenda_gui_patterns\Debug\link.3260-cvtres.write.1.tlog
C:\Users\Cristi\documents\visual studio 2010\Projects\proiect_poo_tema_2_agenda_gui_patterns\proiect_poo_tema_2_agenda_gui_patterns\Debug\link.4916.read.1.tlog
C:\Users\Cristi\documents\visual studio 2010\Projects\proiect_poo_tema_2_agenda_gui_patterns\proiect_poo_tema_2_agenda_gui_patterns\Debug\link.4916.write.1.tlog
C:\Users\Cristi\documents\visual studio 2010\Projects\proiect_poo_tema_2_agenda_gui_patterns\proiect_poo_tema_2_agenda_gui_patterns\Debug\link.4916-cvtres.read.1.tlog
C:\Users\Cristi\documents\visual studio 2010\Projects\proiect_poo_tema_2_agenda_gui_patterns\proiect_poo_tema_2_agenda_gui_patterns\Debug\link.4916-cvtres.write.1.tlog
C:\Users\Cristi\documents\visual studio 2010\Projects\proiect_poo_tema_2_agenda_gui_patterns\proiect_poo_tema_2_agenda_gui_patterns\Debug\link.command.1.tlog
C:\Users\Cristi\documents\visual studio 2010\Projects\proiect_poo_tema_2_agenda_gui_patterns\proiect_poo_tema_2_agenda_gui_patterns\Debug\link.read.1.tlog
C:\Users\Cristi\documents\visual studio 2010\Projects\proiect_poo_tema_2_agenda_gui_patterns\proiect_poo_tema_2_agenda_gui_patterns\Debug\link.write.1.tlog
C:\Users\Cristi\documents\visual studio 2010\Projects\proiect_poo_tema_2_agenda_gui_patterns\proiect_poo_tema_2_agenda_gui_patterns\Debug\link-cvtres.read.1.tlog
C:\Users\Cristi\documents\visual studio 2010\Projects\proiect_poo_tema_2_agenda_gui_patterns\proiect_poo_tema_2_agenda_gui_patterns\Debug\link-cvtres.write.1.tlog
C:\USERS\CRISTI\DOCUMENTS\VISUAL STUDIO 2010\PROJECTS\PROIECT_POO_TEMA_2_AGENDA_GUI_PATTERNS\PROIECT_POO_TEMA_2_AGENDA_GUI_PATTERNS\DEBUG\MODELAGENDA.OBJ
C:\USERS\CRISTI\DOCUMENTS\VISUAL STUDIO 2010\PROJECTS\PROIECT_POO_TEMA_2_AGENDA_GUI_PATTERNS\PROIECT_POO_TEMA_2_AGENDA_GUI_PATTERNS\DEBUG\MODELCONTACT.OBJ
C:\Users\Cristi\documents\visual studio 2010\Projects\proiect_poo_tema_2_agenda_gui_patterns\proiect_poo_tema_2_agenda_gui_patterns\Debug\mt.command.1.tlog
C:\Users\Cristi\documents\visual studio 2010\Projects\proiect_poo_tema_2_agenda_gui_patterns\proiect_poo_tema_2_agenda_gui_patterns\Debug\mt.read.1.tlog
C:\Users\Cristi\documents\visual studio 2010\Projects\proiect_poo_tema_2_agenda_gui_patterns\proiect_poo_tema_2_agenda_gui_patterns\Debug\mt.write.1.tlog
C:\USERS\CRISTI\DOCUMENTS\VISUAL STUDIO 2010\PROJECTS\PROIECT_POO_TEMA_2_AGENDA_GUI_PATTERNS\PROIECT_POO_TEMA_2_AGENDA_GUI_PATTERNS\DEBUG\PROIECT_POO_TEMA_2_AGENDA_GUI_PATTERNS.EXE.EMBED.MANIFEST
C:\USERS\CRISTI\DOCUMENTS\VISUAL STUDIO 2010\PROJECTS\PROIECT_POO_TEMA_2_AGENDA_GUI_PATTERNS\PROIECT_POO_TEMA_2_AGENDA_GUI_PATTERNS\DEBUG\PROIECT_POO_TEMA_2_AGENDA_GUI_PATTERNS.EXE.EMBED.MANIFEST.RES
C:\USERS\CRISTI\DOCUMENTS\VISUAL STUDIO 2010\PROJECTS\PROIECT_POO_TEMA_2_AGENDA_GUI_PATTERNS\PROIECT_POO_TEMA_2_AGENDA_GUI_PATTERNS\DEBUG\PROIECT_POO_TEMA_2_AGENDA_GUI_PATTERNS.EXE.INTERMEDIATE.MANIFEST
C:\USERS\CRISTI\DOCUMENTS\VISUAL STUDIO 2010\PROJECTS\PROIECT_POO_TEMA_2_AGENDA_GUI_PATTERNS\PROIECT_POO_TEMA_2_AGENDA_GUI_PATTERNS\DEBUG\PROIECT_POO_TEMA_2_AGENDA_GUI_PATTERNS.OBJ
C:\USERS\CRISTI\DOCUMENTS\VISUAL STUDIO 2010\PROJECTS\PROIECT_POO_TEMA_2_AGENDA_GUI_PATTERNS\PROIECT_POO_TEMA_2_AGENDA_GUI_PATTERNS\DEBUG\PROIECT_POO_TEMA_2_AGENDA_GUI_PATTERNS.PCH
C:\USERS\CRISTI\DOCUMENTS\VISUAL STUDIO 2010\PROJECTS\PROIECT_POO_TEMA_2_AGENDA_GUI_PATTERNS\PROIECT_POO_TEMA_2_AGENDA_GUI_PATTERNS\DEBUG\PROIECT_POO_TEMA_2_AGENDA_GUI_PATTERNS.RES
C:\Users\Cristi\documents\visual studio 2010\Projects\proiect_poo_tema_2_agenda_gui_patterns\proiect_poo_tema_2_agenda_gui_patterns\Debug\proiect_poo_tema_2_agenda_gui_patterns_manifest.rc
C:\Users\Cristi\documents\visual studio 2010\Projects\proiect_poo_tema_2_agenda_gui_patterns\proiect_poo_tema_2_agenda_gui_patterns\Debug\rc.command.1.tlog
C:\Users\Cristi\documents\visual studio 2010\Projects\proiect_poo_tema_2_agenda_gui_patterns\proiect_poo_tema_2_agenda_gui_patterns\Debug\rc.read.1.tlog
C:\Users\Cristi\documents\visual studio 2010\Projects\proiect_poo_tema_2_agenda_gui_patterns\proiect_poo_tema_2_agenda_gui_patterns\Debug\rc.write.1.tlog
C:\USERS\CRISTI\DOCUMENTS\VISUAL STUDIO 2010\PROJECTS\PROIECT_POO_TEMA_2_AGENDA_GUI_PATTERNS\PROIECT_POO_TEMA_2_AGENDA_GUI_PATTERNS\DEBUG\STDAFX.OBJ
C:\Users\Cristi\documents\visual studio 2010\Projects\proiect_poo_tema_2_agenda_gui_patterns\proiect_poo_tema_2_agenda_gui_patterns\Debug\vc100.idb
C:\USERS\CRISTI\DOCUMENTS\VISUAL STUDIO 2010\PROJECTS\PROIECT_POO_TEMA_2_AGENDA_GUI_PATTERNS\PROIECT_POO_TEMA_2_AGENDA_GUI_PATTERNS\DEBUG\VC100.PDB
