Build started 11.06.2012 21:57:46.
     1>Project "C:\Users\Cristi\documents\visual studio 2010\Projects\proiect_poo_tema_2_agenda_gui_patterns\proiect_poo_tema_2_agenda_gui_patterns\proiect_poo_tema_2_agenda_gui_patterns.vcxproj" on node 2 (rebuild target(s)).
     1>PrepareForBuild:
         Creating directory "C:\Users\Cristi\documents\visual studio 2010\Projects\proiect_poo_tema_2_agenda_gui_patterns\Release\".
       InitializeBuildStatus:
         Creating "Release\proiect_poo_tema_2_agenda_gui_patterns.unsuccessfulbuild" because "AlwaysCreate" was specified.
       ClCompile:
         C:\Program Files (x86)\Microsoft Visual Studio 10.0\VC\bin\CL.exe /c /Zi /nologo /W3 /WX- /O2 /Oi /Oy- /GL /D WIN32 /D _WINDOWS /D NDEBUG /D _UNICODE /D UNICODE /D _AFXDLL /Gm- /EHsc /MD /GS /Gy /fp:precise /Zc:wchar_t /Zc:forScope /Yc"StdAfx.h" /Fp"Release\proiect_poo_tema_2_agenda_gui_patterns.pch" /Fo"Release\\" /Fd"Release\vc100.pdb" /Gd /TP /analyze- /errorReport:prompt stdafx.cpp
         stdafx.cpp
         C:\Program Files (x86)\Microsoft Visual Studio 10.0\VC\bin\CL.exe /c /Zi /nologo /W3 /WX- /O2 /Oi /Oy- /GL /D WIN32 /D _WINDOWS /D NDEBUG /D _UNICODE /D UNICODE /D _AFXDLL /Gm- /EHsc /MD /GS /Gy /fp:precise /Zc:wchar_t /Zc:forScope /Yu"StdAfx.h" /Fp"Release\proiect_poo_tema_2_agenda_gui_patterns.pch" /Fo"Release\\" /Fd"Release\vc100.pdb" /Gd /TP /analyze- /errorReport:prompt AboutDialog.cpp AddNewContactDialog.cpp AgendaDlg.cpp EditContactDialog.cpp ModelAgenda.cpp ModelContact.cpp proiect_poo_tema_2_agenda_gui_patterns.cpp
         AboutDialog.cpp
         AddNewContactDialog.cpp
         AgendaDlg.cpp
     1>AgendaDlg.cpp(215): warning C4244: 'initializing' : conversion from 'ULONGLONG' to 'unsigned int', possible loss of data
     1>AgendaDlg.cpp(348): warning C4018: '<' : signed/unsigned mismatch
         EditContactDialog.cpp
         ModelAgenda.cpp
     1>ModelAgenda.cpp(55): warning C4018: '<' : signed/unsigned mismatch
         ModelContact.cpp
     1>ModelContact.cpp(115): warning C4996: 'sprintf': This function or variable may be unsafe. Consider using sprintf_s instead. To disable deprecation, use _CRT_SECURE_NO_WARNINGS. See online help for details.
                 C:\Program Files (x86)\Microsoft Visual Studio 10.0\VC\include\stdio.h(371) : see declaration of 'sprintf'
     1>ModelContact.cpp(125): warning C4996: '_itow': This function or variable may be unsafe. Consider using _itow_s instead. To disable deprecation, use _CRT_SECURE_NO_WARNINGS. See online help for details.
                 C:\Program Files (x86)\Microsoft Visual Studio 10.0\VC\include\wchar.h(866) : see declaration of '_itow'
         proiect_poo_tema_2_agenda_gui_patterns.cpp
       ResourceCompile:
         C:\Program Files (x86)\Microsoft SDKs\Windows\v7.0A\bin\rc.exe /D NDEBUG /D _UNICODE /D UNICODE /D _AFXDLL /l"0x0409" /IRelease\ /nologo /fo"Release\proiect_poo_tema_2_agenda_gui_patterns.res" proiect_poo_tema_2_agenda_gui_patterns.rc 
       Link:
         C:\Program Files (x86)\Microsoft Visual Studio 10.0\VC\bin\link.exe /ERRORREPORT:PROMPT /OUT:"C:\Users\Cristi\documents\visual studio 2010\Projects\proiect_poo_tema_2_agenda_gui_patterns\Release\proiect_poo_tema_2_agenda_gui_patterns.exe" /INCREMENTAL:NO /NOLOGO /MANIFEST /ManifestFile:"Release\proiect_poo_tema_2_agenda_gui_patterns.exe.intermediate.manifest" /MANIFESTUAC:"level='asInvoker' uiAccess='false'" /DEBUG /PDB:"C:\Users\Cristi\documents\visual studio 2010\Projects\proiect_poo_tema_2_agenda_gui_patterns\Release\proiect_poo_tema_2_agenda_gui_patterns.pdb" /SUBSYSTEM:WINDOWS /OPT:REF /OPT:ICF /LTCG /TLBID:1 /ENTRY:"wWinMainCRTStartup" /DYNAMICBASE /NXCOMPAT /IMPLIB:"C:\Users\Cristi\documents\visual studio 2010\Projects\proiect_poo_tema_2_agenda_gui_patterns\Release\proiect_poo_tema_2_agenda_gui_patterns.lib" /MACHINE:X86 Release\proiect_poo_tema_2_agenda_gui_patterns.res
         Release\AboutDialog.obj
         Release\AddNewContactDialog.obj
         Release\AgendaDlg.obj
         Release\EditContactDialog.obj
         Release\ModelAgenda.obj
         Release\ModelContact.obj
         Release\proiect_poo_tema_2_agenda_gui_patterns.obj
         Release\stdafx.obj
         Generating code
         Finished generating code
         proiect_poo_tema_2_agenda_gui_patterns.vcxproj -> C:\Users\Cristi\documents\visual studio 2010\Projects\proiect_poo_tema_2_agenda_gui_patterns\Release\proiect_poo_tema_2_agenda_gui_patterns.exe
       Manifest:
         C:\Program Files (x86)\Microsoft SDKs\Windows\v7.0A\bin\mt.exe /nologo /verbose /outputresource:"C:\Users\Cristi\documents\visual studio 2010\Projects\proiect_poo_tema_2_agenda_gui_patterns\Release\proiect_poo_tema_2_agenda_gui_patterns.exe;#1" /manifest Release\proiect_poo_tema_2_agenda_gui_patterns.exe.intermediate.manifest "C:\Program Files (x86)\Microsoft Visual Studio 10.0\VC\Include\Manifest\dpiaware.manifest"
       FinalizeBuildStatus:
         Deleting file "Release\proiect_poo_tema_2_agenda_gui_patterns.unsuccessfulbuild".
         Touching "Release\proiect_poo_tema_2_agenda_gui_patterns.lastbuildstate".
     1>Done Building Project "C:\Users\Cristi\documents\visual studio 2010\Projects\proiect_poo_tema_2_agenda_gui_patterns\proiect_poo_tema_2_agenda_gui_patterns\proiect_poo_tema_2_agenda_gui_patterns.vcxproj" (rebuild target(s)).

Build succeeded.

Time Elapsed 00:00:12.98
